0 info it worked if it ends with ok
1 verbose cli [ 'G:\\nodeJS\\node.exe',
1 verbose cli   'G:\\nodeJS\\node_modules\\npm\\bin\\npm-cli.js',
1 verbose cli   'start' ]
2 info using npm@2.15.9
3 info using node@v4.5.0
4 verbose stack Error: ENOENT: no such file or directory, open 'G:\Project\Reworld_api\package.json'
4 verbose stack     at Error (native)
5 verbose cwd G:\Project\Reworld_api
6 error Windows_NT 10.0.10240
7 error argv "G:\\nodeJS\\node.exe" "G:\\nodeJS\\node_modules\\npm\\bin\\npm-cli.js" "start"
8 error node v4.5.0
9 error npm  v2.15.9
10 error path G:\Project\Reworld_api\package.json
11 error code ENOENT
12 error errno -4058
13 error syscall open
14 error enoent ENOENT: no such file or directory, open 'G:\Project\Reworld_api\package.json'
14 error enoent This is most likely not a problem with npm itself
14 error enoent and is related to npm not being able to find a file.
15 verbose exit [ -4058, true ]
